<?xml version="1.0" encoding="UTF-8"?>
<!-- Generated by org.testng.reporters.JUnitReportReporter -->
<testsuite hostname="LAPTOP-6KN3HGT8" failures="0" tests="4" name="tests.LoginTest" time="47.843" errors="0" timestamp="2022-03-09T09:45:58 EST" skipped="0">
  <testcase classname="tests.LoginTest" name="loginWithWrongEmailPassword" time="12.136"/>
  <system-out/>
  <testcase classname="tests.LoginTest" name="loginWithEmptyEmail" time="10.610"/>
  <system-out/>
  <testcase classname="tests.LoginTest" name="loginWithEmptyPassword" time="13.255"/>
  <system-out/>
  <testcase classname="tests.LoginTest" name="loginWithSpecialCharacter" time="11.842"/>
  <system-out/>
</testsuite> <!-- tests.LoginTest -->
